Given config: Config: -----
use_random_affine: False
batchnorm_track: True
pre_scale_factor: 0.33
jitter_saturation: 0.4
eval_mode: hung
out_dir: /bmrNAS/people/yuxinh/cocostuff/out/555
flip_p: 0.5
incl_animal_things: False
use_random_scale: False
use_coarse_labels: True
dataset: Coco164kCuratedFew
using_IR: False
include_rgb: True
num_epochs: 4800
lr_schedule: []
use_uncollapsed_loss: True
half_T_side_sparse_min: 0
lamb_B: 1.5
lamb_A: 1.0
output_k_B: 3
save_freq: 5
coco_164k_curated_version: 6
output_k_A: 15
lr_mult: 0.1
head_B_first: False
aff_max_scale: 1.2
dataloader_batch_sz: 15
in_channels: 5
lr: 0.0001
aff_min_scale: 0.8
aff_min_shear: -10.0
gt_k: 3
opt: Adam
jitter_brightness: 0.4
output_k: 3
num_dataloaders: 1
half_T_side_sparse_max: 0
aff_min_rot: -30.0
include_things_labels: False
jitter_hue: 0.125
num_sub_heads: 1
test_code: False
half_T_side_dense: 10
fine_to_coarse_dict: /home/yuxinh/dl_seg/IIC/code/datasets/segmentation/util/out/fine_to_coarse_dict.pickle
input_sz: 128
dataset_root: /bmrNAS/people/yuxinh/cocostuff
arch: SegmentationNet10aTwoHead
restart: False
batch_sz: 15
pre_scale_all: True
scale_min: 0.6
out_root: /bmrNAS/people/yuxinh/cocostuff/out
model_ind: 555
aff_max_shear: 10.0
scale_max: 1.4
use_doersch_datasets: False
mask_input: False
mode: IID
aff_max_rot: 30.0
jitter_contrast: 0.4
no_sobel: False
----------
